TN:
SF:utils\for_testing.js
FN:10,(anonymous_0)
FN:19,(anonymous_1)
FN:20,(anonymous_2)
FN:31,(anonymous_3)
FN:40,(anonymous_4)
FN:41,(anonymous_5)
FN:51,(anonymous_6)
FN:52,(anonymous_7)
FN:65,(anonymous_8)
FN:66,(anonymous_9)
FN:79,(anonymous_10)
FN:80,(anonymous_11)
FN:87,(anonymous_12)
FN:88,(anonymous_13)
FNF:14
FNH:2
FNDA:0,(anonymous_0)
FNDA:0,(anonymous_1)
FNDA:0,(anonymous_2)
FNDA:0,(anonymous_3)
FNDA:0,(anonymous_4)
FNDA:0,(anonymous_5)
FNDA:0,(anonymous_6)
FNDA:0,(anonymous_7)
FNDA:0,(anonymous_8)
FNDA:0,(anonymous_9)
FNDA:1,(anonymous_10)
FNDA:2,(anonymous_11)
FNDA:0,(anonymous_12)
FNDA:0,(anonymous_13)
DA:3,1
DA:10,1
DA:11,0
DA:19,1
DA:20,0
DA:21,0
DA:23,0
DA:31,1
DA:32,0
DA:40,1
DA:41,0
DA:42,0
DA:51,1
DA:52,0
DA:53,0
DA:54,0
DA:56,0
DA:65,1
DA:66,0
DA:67,0
DA:68,0
DA:70,0
DA:79,1
DA:80,1
DA:81,2
DA:83,1
DA:87,1
DA:88,0
DA:89,0
DA:91,0
DA:94,1
LF:31
LH:13
BRDA:23,0,0,0
BRDA:23,0,1,0
BRDA:53,1,0,0
BRDA:53,1,1,0
BRDA:67,2,0,0
BRDA:67,2,1,0
BRF:6
BRH:0
end_of_record
