{"C:\\Users\\osama\\Desktop\\FullStackOpen\\FullStack\\BlogApp\\utils\\for_testing.js": {"path":"C:\\Users\\osama\\Desktop\\FullStackOpen\\FullStack\\BlogApp\\utils\\for_testing.js","statementMap":{"0":{"start":{"line":3,"column":10},"end":{"line":3,"column":27}},"1":{"start":{"line":10,"column":19},"end":{"line":12,"column":1}},"2":{"start":{"line":11,"column":2},"end":{"line":11,"column":45}},"3":{"start":{"line":19,"column":16},"end":{"line":24,"column":1}},"4":{"start":{"line":20,"column":18},"end":{"line":22,"column":3}},"5":{"start":{"line":21,"column":4},"end":{"line":21,"column":22}},"6":{"start":{"line":23,"column":2},"end":{"line":23,"column":74}},"7":{"start":{"line":31,"column":14},"end":{"line":33,"column":1}},"8":{"start":{"line":32,"column":2},"end":{"line":32,"column":11}},"9":{"start":{"line":40,"column":19},"end":{"line":44,"column":1}},"10":{"start":{"line":41,"column":2},"end":{"line":43,"column":8}},"11":{"start":{"line":42,"column":4},"end":{"line":42,"column":28}},"12":{"start":{"line":51,"column":22},"end":{"line":58,"column":1}},"13":{"start":{"line":52,"column":2},"end":{"line":57,"column":5}},"14":{"start":{"line":53,"column":4},"end":{"line":55,"column":5}},"15":{"start":{"line":54,"column":6},"end":{"line":54,"column":27}},"16":{"start":{"line":56,"column":4},"end":{"line":56,"column":10}},"17":{"start":{"line":65,"column":21},"end":{"line":72,"column":1}},"18":{"start":{"line":66,"column":2},"end":{"line":71,"column":5}},"19":{"start":{"line":67,"column":4},"end":{"line":69,"column":5}},"20":{"start":{"line":68,"column":6},"end":{"line":68,"column":21}},"21":{"start":{"line":70,"column":4},"end":{"line":70,"column":10}},"22":{"start":{"line":79,"column":17},"end":{"line":84,"column":1}},"23":{"start":{"line":80,"column":20},"end":{"line":82,"column":4}},"24":{"start":{"line":81,"column":4},"end":{"line":81,"column":26}},"25":{"start":{"line":83,"column":2},"end":{"line":83,"column":19}},"26":{"start":{"line":87,"column":22},"end":{"line":92,"column":1}},"27":{"start":{"line":88,"column":20},"end":{"line":90,"column":4}},"28":{"start":{"line":89,"column":4},"end":{"line":89,"column":20}},"29":{"start":{"line":91,"column":2},"end":{"line":91,"column":19}},"30":{"start":{"line":94,"column":0},"end":{"line":103,"column":2}}},"fnMap":{"0":{"name":"(anonymous_0)","decl":{"start":{"line":10,"column":19},"end":{"line":10,"column":20}},"loc":{"start":{"line":10,"column":31},"end":{"line":12,"column":1}},"line":10},"1":{"name":"(anonymous_1)","decl":{"start":{"line":19,"column":16},"end":{"line":19,"column":17}},"loc":{"start":{"line":19,"column":27},"end":{"line":24,"column":1}},"line":19},"2":{"name":"(anonymous_2)","decl":{"start":{"line":20,"column":18},"end":{"line":20,"column":19}},"loc":{"start":{"line":20,"column":33},"end":{"line":22,"column":3}},"line":20},"3":{"name":"(anonymous_3)","decl":{"start":{"line":31,"column":14},"end":{"line":31,"column":15}},"loc":{"start":{"line":31,"column":25},"end":{"line":33,"column":1}},"line":31},"4":{"name":"(anonymous_4)","decl":{"start":{"line":40,"column":19},"end":{"line":40,"column":20}},"loc":{"start":{"line":40,"column":30},"end":{"line":44,"column":1}},"line":40},"5":{"name":"(anonymous_5)","decl":{"start":{"line":41,"column":22},"end":{"line":41,"column":23}},"loc":{"start":{"line":41,"column":43},"end":{"line":43,"column":3}},"line":41},"6":{"name":"(anonymous_6)","decl":{"start":{"line":51,"column":22},"end":{"line":51,"column":23}},"loc":{"start":{"line":51,"column":33},"end":{"line":58,"column":1}},"line":51},"7":{"name":"(anonymous_7)","decl":{"start":{"line":52,"column":22},"end":{"line":52,"column":23}},"loc":{"start":{"line":52,"column":42},"end":{"line":57,"column":3}},"line":52},"8":{"name":"(anonymous_8)","decl":{"start":{"line":65,"column":21},"end":{"line":65,"column":22}},"loc":{"start":{"line":65,"column":32},"end":{"line":72,"column":1}},"line":65},"9":{"name":"(anonymous_9)","decl":{"start":{"line":66,"column":22},"end":{"line":66,"column":23}},"loc":{"start":{"line":66,"column":42},"end":{"line":71,"column":3}},"line":66},"10":{"name":"(anonymous_10)","decl":{"start":{"line":79,"column":17},"end":{"line":79,"column":18}},"loc":{"start":{"line":79,"column":30},"end":{"line":84,"column":1}},"line":79},"11":{"name":"(anonymous_11)","decl":{"start":{"line":80,"column":37},"end":{"line":80,"column":38}},"loc":{"start":{"line":80,"column":57},"end":{"line":82,"column":3}},"line":80},"12":{"name":"(anonymous_12)","decl":{"start":{"line":87,"column":22},"end":{"line":87,"column":23}},"loc":{"start":{"line":87,"column":35},"end":{"line":92,"column":1}},"line":87},"13":{"name":"(anonymous_13)","decl":{"start":{"line":88,"column":37},"end":{"line":88,"column":38}},"loc":{"start":{"line":88,"column":57},"end":{"line":90,"column":3}},"line":88}},"branchMap":{"0":{"loc":{"start":{"line":23,"column":9},"end":{"line":23,"column":73}},"type":"cond-expr","locations":[{"start":{"line":23,"column":30},"end":{"line":23,"column":31}},{"start":{"line":23,"column":34},"end":{"line":23,"column":73}}],"line":23},"1":{"loc":{"start":{"line":53,"column":4},"end":{"line":55,"column":5}},"type":"if","locations":[{"start":{"line":53,"column":4},"end":{"line":55,"column":5}},{"start":{},"end":{}}],"line":53},"2":{"loc":{"start":{"line":67,"column":4},"end":{"line":69,"column":5}},"type":"if","locations":[{"start":{"line":67,"column":4},"end":{"line":69,"column":5}},{"start":{},"end":{}}],"line":67}},"s":{"0":1,"1":1,"2":0,"3":1,"4":0,"5":0,"6":0,"7":1,"8":0,"9":1,"10":0,"11":0,"12":1,"13":0,"14":0,"15":0,"16":0,"17":1,"18":0,"19":0,"20":0,"21":0,"22":1,"23":1,"24":2,"25":1,"26":1,"27":0,"28":0,"29":0,"30":1},"f":{"0":0,"1":0,"2":0,"3":0,"4":0,"5":0,"6":0,"7":0,"8":0,"9":0,"10":1,"11":2,"12":0,"13":0},"b":{"0":[0,0],"1":[0,0],"2":[0,0]},"_coverageSchema":"1a1c01bbd47fc00a2c39e90264f33305004495a9","hash":"c070ad4533c7576de0ad06023e0689ff07fe5f86"}
}
